<?xml version="1.0" encoding="UTF-8"?>
<!-- Generated by org.testng.reporters.JUnitReportReporter -->
<testsuite hostname="a-kapranchuk-pc" failures="0" tests="2" name="TestEmployeeDetails" time="0.004" errors="0" timestamp="2020-12-11T12:46:27 EET" skipped="0">
  <testcase classname="TestEmployeeDetails" name="testCalculateAppriasal" time="0.004"/>
  <system-out/>
  <testcase classname="TestEmployeeDetails" name="testCalculateYearlySalary" time="0.000"/>
  <system-out/>
</testsuite> <!-- TestEmployeeDetails -->
